<?xml version="1.0" encoding="UTF-8"?>
<!-- Generated by org.testng.reporters.JUnitReportReporter -->
<testsuite hostname="Bharath" failures="0" tests="5" name="framework.TestNgTestClass" time="0.010" errors="0" timestamp="2022-12-05T22:11:18 IST" skipped="0">
  <testcase classname="framework.TestNgTestClass" name="testcase2" time="0.003"/>
  <system-out/>
  <testcase classname="framework.TestNgTestClass" name="testcase3" time="0.002"/>
  <system-out/>
  <testcase classname="framework.TestNgTestClass" name="testcase1" time="0.003"/>
  <system-out/>
  <testcase classname="framework.TestNgTestClass" name="testcase3" time="0.001"/>
  <system-out/>
  <testcase classname="framework.TestNgTestClass" name="testcase3" time="0.001"/>
  <system-out/>
</testsuite> <!-- framework.TestNgTestClass -->
